0 info it worked if it ends with ok
1 verbose cli [ 'node', '/usr/local/bin/npm', 'install' ]
2 info using npm@1.4.28
3 info using node@v0.10.35
4 verbose readDependencies using package.json deps
5 verbose install where, deps [ '/Users/Radiobeat33/Desktop/server',
5 verbose install   [ 'bcrypt',
5 verbose install     'bcrypt-nodejs',
5 verbose install     'body-parser',
5 verbose install     'cors',
5 verbose install     'express',
5 verbose install     'express-session',
5 verbose install     'jsonwebtoken',
5 verbose install     'lodash',
5 verbose install     'mongoose',
5 verbose install     'passport',
5 verbose install     'passport-local',
5 verbose install     'request',
5 verbose install     'chai',
5 verbose install     'gulp',
5 verbose install     'gulp-mocha',
5 verbose install     'gulp-shell',
5 verbose install     'mocha',
5 verbose install     'sinon',
5 verbose install     'supertest' ] ]
6 info preinstall Daas@1.0.0
7 verbose readDependencies using package.json deps
8 verbose already installed skipping bcrypt@^0.8.1 /Users/Radiobeat33/Desktop/server
9 verbose already installed skipping bcrypt-nodejs@0.0.3 /Users/Radiobeat33/Desktop/server
10 verbose already installed skipping body-parser@^1.11.0 /Users/Radiobeat33/Desktop/server
11 verbose already installed skipping cors@^2.5.3 /Users/Radiobeat33/Desktop/server
12 verbose already installed skipping express@^4.11.2 /Users/Radiobeat33/Desktop/server
13 verbose already installed skipping express-session@^1.10.2 /Users/Radiobeat33/Desktop/server
14 verbose already installed skipping jsonwebtoken@^3.2.2 /Users/Radiobeat33/Desktop/server
15 verbose already installed skipping lodash@^3.2.0 /Users/Radiobeat33/Desktop/server
16 verbose already installed skipping mongoose@^3.8.23 /Users/Radiobeat33/Desktop/server
17 verbose already installed skipping passport@^0.2.1 /Users/Radiobeat33/Desktop/server
18 verbose already installed skipping passport-local@^1.0.0 /Users/Radiobeat33/Desktop/server
19 verbose already installed skipping request@^2.53.0 /Users/Radiobeat33/Desktop/server
20 verbose already installed skipping chai@^2.0.0 /Users/Radiobeat33/Desktop/server
21 verbose already installed skipping gulp@^3.8.11 /Users/Radiobeat33/Desktop/server
22 verbose already installed skipping gulp-mocha@^2.0.0 /Users/Radiobeat33/Desktop/server
23 verbose already installed skipping gulp-shell@^0.3.0 /Users/Radiobeat33/Desktop/server
24 verbose already installed skipping mocha@^2.1.0 /Users/Radiobeat33/Desktop/server
25 verbose already installed skipping sinon@^1.12.2 /Users/Radiobeat33/Desktop/server
26 verbose already installed skipping supertest@^0.15.0 /Users/Radiobeat33/Desktop/server
27 silly resolved []
28 info build /Users/Radiobeat33/Desktop/server
29 verbose linkStuff [ false, false, false, '/Users/Radiobeat33/Desktop' ]
30 info linkStuff Daas@1.0.0
31 verbose linkBins Daas@1.0.0
32 verbose linkMans Daas@1.0.0
33 verbose rebuildBundles Daas@1.0.0
34 verbose rebuildBundles [ '.DS_Store',
34 verbose rebuildBundles   '.bin',
34 verbose rebuildBundles   'bcrypt',
34 verbose rebuildBundles   'bcrypt-nodejs',
34 verbose rebuildBundles   'bluebird',
34 verbose rebuildBundles   'body-parser',
34 verbose rebuildBundles   'chai',
34 verbose rebuildBundles   'connect-flash',
34 verbose rebuildBundles   'cookie-parser',
34 verbose rebuildBundles   'cors',
34 verbose rebuildBundles   'express',
34 verbose rebuildBundles   'express-session',
34 verbose rebuildBundles   'gulp',
34 verbose rebuildBundles   'gulp-jshint',
34 verbose rebuildBundles   'gulp-mocha',
34 verbose rebuildBundles   'gulp-shell',
34 verbose rebuildBundles   'jsonwebtoken',
34 verbose rebuildBundles   'lodash',
34 verbose rebuildBundles   'mocha',
34 verbose rebuildBundles   'mongodb',
34 verbose rebuildBundles   'mongoose',
34 verbose rebuildBundles   'passport',
34 verbose rebuildBundles   'passport-local',
34 verbose rebuildBundles   'request',
34 verbose rebuildBundles   'sinon',
34 verbose rebuildBundles   'supertest' ]
35 verbose rebuild bundle /Users/Radiobeat33/Desktop/server/node_modules/bluebird
36 info build /Users/Radiobeat33/Desktop/server/node_modules/bluebird
37 info preinstall bluebird@2.9.8
38 verbose linkStuff [ false,
38 verbose linkStuff   false,
38 verbose linkStuff   false,
38 verbose linkStuff   '/Users/Radiobeat33/Desktop/server/node_modules' ]
39 info linkStuff bluebird@2.9.8
40 verbose linkBins bluebird@2.9.8
41 verbose linkMans bluebird@2.9.8
42 verbose rebuildBundles bluebird@2.9.8
43 info install bluebird@2.9.8
44 info postinstall bluebird@2.9.8
45 verbose rebuild bundle /Users/Radiobeat33/Desktop/server/node_modules/connect-flash
46 info build /Users/Radiobeat33/Desktop/server/node_modules/connect-flash
47 info preinstall connect-flash@0.1.1
48 verbose linkStuff [ false,
48 verbose linkStuff   false,
48 verbose linkStuff   false,
48 verbose linkStuff   '/Users/Radiobeat33/Desktop/server/node_modules' ]
49 info linkStuff connect-flash@0.1.1
50 verbose linkBins connect-flash@0.1.1
51 verbose linkMans connect-flash@0.1.1
52 verbose rebuildBundles connect-flash@0.1.1
53 info install connect-flash@0.1.1
54 info postinstall connect-flash@0.1.1
55 verbose rebuild bundle /Users/Radiobeat33/Desktop/server/node_modules/cookie-parser
56 info build /Users/Radiobeat33/Desktop/server/node_modules/cookie-parser
57 info preinstall cookie-parser@1.3.3
58 verbose linkStuff [ false,
58 verbose linkStuff   false,
58 verbose linkStuff   false,
58 verbose linkStuff   '/Users/Radiobeat33/Desktop/server/node_modules' ]
59 info linkStuff cookie-parser@1.3.3
60 verbose linkBins cookie-parser@1.3.3
61 verbose linkMans cookie-parser@1.3.3
62 verbose rebuildBundles cookie-parser@1.3.3
63 verbose rebuildBundles [ 'cookie', 'cookie-signature' ]
64 info install cookie-parser@1.3.3
65 info postinstall cookie-parser@1.3.3
66 verbose rebuild bundle /Users/Radiobeat33/Desktop/server/node_modules/gulp-jshint
67 info build /Users/Radiobeat33/Desktop/server/node_modules/gulp-jshint
68 info preinstall gulp-jshint@1.9.2
69 verbose linkStuff [ false,
69 verbose linkStuff   false,
69 verbose linkStuff   false,
69 verbose linkStuff   '/Users/Radiobeat33/Desktop/server/node_modules' ]
70 info linkStuff gulp-jshint@1.9.2
71 verbose linkBins gulp-jshint@1.9.2
72 verbose linkMans gulp-jshint@1.9.2
73 verbose rebuildBundles gulp-jshint@1.9.2
74 verbose rebuildBundles [ '.bin',
74 verbose rebuildBundles   'gulp-util',
74 verbose rebuildBundles   'jshint',
74 verbose rebuildBundles   'minimatch',
74 verbose rebuildBundles   'rcloader',
74 verbose rebuildBundles   'through2' ]
75 info install gulp-jshint@1.9.2
76 info postinstall gulp-jshint@1.9.2
77 verbose rebuild bundle /Users/Radiobeat33/Desktop/server/node_modules/mongodb
78 info build /Users/Radiobeat33/Desktop/server/node_modules/mongodb
79 info preinstall mongodb@1.4.30
80 verbose linkStuff [ false,
80 verbose linkStuff   false,
80 verbose linkStuff   false,
80 verbose linkStuff   '/Users/Radiobeat33/Desktop/server/node_modules' ]
81 info linkStuff mongodb@1.4.30
82 verbose linkBins mongodb@1.4.30
83 verbose linkMans mongodb@1.4.30
84 verbose rebuildBundles mongodb@1.4.30
85 verbose rebuildBundles [ 'bson', 'kerberos', 'readable-stream' ]
86 info install mongodb@1.4.30
87 info postinstall mongodb@1.4.30
88 info install Daas@1.0.0
89 info postinstall Daas@1.0.0
90 verbose unsafe-perm in lifecycle true
91 info Daas@1.0.0 Failed to exec postinstall script
92 error Daas@1.0.0 postinstall: `gulp default`
92 error Exit status 1
93 error Failed at the Daas@1.0.0 postinstall script.
93 error This is most likely a problem with the Daas package,
93 error not with npm itself.
93 error Tell the author that this fails on your system:
93 error     gulp default
93 error You can get their info via:
93 error     npm owner ls Daas
93 error There is likely additional logging output above.
94 error System Darwin 14.0.0
95 error command "node" "/usr/local/bin/npm" "install"
96 error cwd /Users/Radiobeat33/Desktop/server
97 error node -v v0.10.35
98 error npm -v 1.4.28
99 error code ELIFECYCLE
100 verbose exit [ 1, true ]
